Using pre-set license
Built from '2020.3/staging' branch; Version is '2020.3.28f1 (f5400f52e03f) revision 16072719'; Using compiler version '192528614'; Build Type 'Release'
OS: 'Windows 10  (10.0.19044) 64bit Professional' Language: 'en' Physical Memory: 8109 MB
BatchMode: 1, IsHumanControllingUs: 0, StartBugReporterOnCrash: 0, Is64bit: 1, IsPro: 0

COMMAND LINE ARGUMENTS:
C:\Program Files\Unity\Hub\Editor\2020.3.28f1\Editor\Unity.exe
-adb2
-batchMode
-noUpm
-name
AssetImportWorker1
-projectPath
C:/Users/rwake/OneDrive - Swansea University/Unity Projects/Frogger-CW1
-logFile
Logs/AssetImportWorker1.log
-srvPort
53222
Successfully changed project path to: C:/Users/rwake/OneDrive - Swansea University/Unity Projects/Frogger-CW1
C:/Users/rwake/OneDrive - Swansea University/Unity Projects/Frogger-CW1
Using Asset Import Pipeline V2.
Refreshing native plugins compatible for Editor in 205.48 ms, found 3 plugins.
Preloading 0 native plugins for Editor in 0.00 ms.
Initialize engine version: 2020.3.28f1 (f5400f52e03f)
[Subsystems] Discovering subsystems at path C:/Program Files/Unity/Hub/Editor/2020.3.28f1/Editor/Data/Resources/UnitySubsystems
[Subsystems] Discovering subsystems at path C:/Users/rwake/OneDrive - Swansea University/Unity Projects/Frogger-CW1/Assets
GfxDevice: creating device client; threaded=0
Direct3D:
    Version:  Direct3D 11.0 [level 11.1]
    Renderer: Intel(R) HD Graphics 620 (ID=0x5916)
    Vendor:   
    VRAM:     4054 MB
    Driver:   27.20.100.8682
Initialize mono
Mono path[0] = 'C:/Program Files/Unity/Hub/Editor/2020.3.28f1/Editor/Data/Managed'
Mono path[1] = 'C:/Program Files/Unity/Hub/Editor/2020.3.28f1/Editor/Data/MonoBleedingEdge/lib/mono/unityjit'
Mono config path = 'C:/Program Files/Unity/Hub/Editor/2020.3.28f1/Editor/Data/MonoBleedingEdge/etc'
Using monoOptions --debugger-agent=transport=dt_socket,embedding=1,server=y,suspend=n,address=127.0.0.1:56212
Begin MonoManager ReloadAssembly
Registering precompiled unity dll's ...
Register platform support module: C:/Program Files/Unity/Hub/Editor/2020.3.28f1/Editor/Data/PlaybackEngines/WindowsStandaloneSupport/UnityEditor.WindowsStandalone.Extensions.dll
Registered in 0.011245 seconds.
Native extension for WindowsStandalone target not found
Refreshing native plugins compatible for Editor in 188.81 ms, found 3 plugins.
Preloading 0 native plugins for Editor in 0.00 ms.
Mono: successfully reloaded assembly
- Completed reload, in  2.717 seconds
Domain Reload Profiling:
	ReloadAssembly (2718ms)
		BeginReloadAssembly (249ms)
			ExecutionOrderSort (0ms)
			DisableScriptedObjects (0ms)
			BackupInstance (0ms)
			ReleaseScriptingObjects (0ms)
			CreateAndSetChildDomain (5ms)
		EndReloadAssembly (2126ms)
			LoadAssemblies (236ms)
			RebuildTransferFunctionScriptingTraits (1ms)
			SetupTypeCache (829ms)
			ReleaseScriptCaches (0ms)
			RebuildScriptCaches (138ms)
			SetupLoadedEditorAssemblies (758ms)
				LogAssemblyErrors (0ms)
				InitializePlatformSupportModulesInManaged (20ms)
				SetLoadedEditorAssemblies (1ms)
				RefreshPlugins (189ms)
				BeforeProcessingInitializeOnLoad (64ms)
				ProcessInitializeOnLoadAttributes (368ms)
				ProcessInitializeOnLoadMethodAttributes (114ms)
				AfterProcessingInitializeOnLoad (0ms)
				EditorAssembliesLoaded (1ms)
			ExecutionOrderSort2 (0ms)
			AwakeInstancesAfterBackupRestoration (0ms)
Platform modules already initialized, skipping
Registering precompiled user dll's ...
Registered in 0.025777 seconds.
Begin MonoManager ReloadAssembly
Native extension for WindowsStandalone target not found
Refreshing native plugins compatible for Editor in 205.26 ms, found 3 plugins.
Preloading 0 native plugins for Editor in 0.00 ms.
Mono: successfully reloaded assembly
- Completed reload, in  8.326 seconds
Domain Reload Profiling:
	ReloadAssembly (8331ms)
		BeginReloadAssembly (607ms)
			ExecutionOrderSort (0ms)
			DisableScriptedObjects (24ms)
			BackupInstance (0ms)
			ReleaseScriptingObjects (0ms)
			CreateAndSetChildDomain (68ms)
		EndReloadAssembly (7415ms)
			LoadAssemblies (354ms)
			RebuildTransferFunctionScriptingTraits (0ms)
			SetupTypeCache (1287ms)
			ReleaseScriptCaches (1ms)
			RebuildScriptCaches (237ms)
			SetupLoadedEditorAssemblies (5118ms)
				LogAssemblyErrors (0ms)
				InitializePlatformSupportModulesInManaged (5ms)
				SetLoadedEditorAssemblies (0ms)
				RefreshPlugins (206ms)
				BeforeProcessingInitializeOnLoad (553ms)
				ProcessInitializeOnLoadAttributes (1154ms)
				ProcessInitializeOnLoadMethodAttributes (3164ms)
				AfterProcessingInitializeOnLoad (35ms)
				EditorAssembliesLoaded (1ms)
			ExecutionOrderSort2 (0ms)
			AwakeInstancesAfterBackupRestoration (31ms)
Platform modules already initialized, skipping
========================================================================
Worker process is ready to serve import requests
Launched and connected shader compiler UnityShaderCompiler.exe after 0.18 seconds
Refreshing native plugins compatible for Editor in 1.03 ms, found 3 plugins.
Preloading 0 native plugins for Editor in 0.00 ms.
Unloading 2196 Unused Serialized files (Serialized files now loaded: 0)
System memory in use before: 96.0 MB.
System memory in use after: 95.9 MB.

Unloading 34 unused Assets to reduce memory usage. Loaded Objects now: 2623.
Total: 6.315400 ms (FindLiveObjects: 0.327800 ms CreateObjectMapping: 0.220500 ms MarkObjects: 5.558900 ms  DeleteObjects: 0.205800 ms)

AssetImportParameters requested are different than current active one (requested -> active):
  custom:framework-win-MediaFoundation: 216162199b28c13a410421893ffa2e32 -> 
  custom:video-decoder-ogg-theora: a1e56fd34408186e4bbccfd4996cb3dc -> 
  custom:container-muxer-webm: aa71ff27fc2769a1b78a27578f13a17b -> 
  custom:container-demuxer-webm: 4f35f7cbe854078d1ac9338744f61a02 -> 
  custom:container-demuxer-ogg: 62fdf1f143b41e24485cea50d1cbac27 -> 
  custom:video-encoder-webm-vp8: eb34c28f22e8b96e1ab97ce403110664 -> 
  custom:video-codec-MediaFoundation-h265: 746d11721c4dcdbdad8f713fa42b33f4 -> 
  custom:video-decoder-webm-vp8: 9c59270c3fd7afecdb556c50c9e8de78 -> 
  custom:audio-decoder-ogg-vorbis: bf7c407c2cedff20999df2af8eb42d56 -> 
  custom:audio-encoder-webm-vorbis: bf7c407c2cedff20999df2af8eb42d56 -> 
========================================================================
Received Import Request.
  path: Assets/Sprites/car-1.png
  artifactKey: Guid(7d291c1ea687c9d4e8fc78ec9078f652) Importer(815301076,1909f56bfc062723c751e8b465ee728b)
Start importing Assets/Sprites/car-1.png using Guid(7d291c1ea687c9d4e8fc78ec9078f652) Importer(815301076,1909f56bfc062723c751e8b465ee728b)  -> (artifact id: 'e3f1dee2fb90eaaf4d9f8bc975e22ffb') in 0.499883 seconds 
  Import took 0.505812 seconds .

========================================================================
Received Import Request.
  Time since last request: 0.001663 seconds.
  path: Assets/Sprites/frog-jumping.png
  artifactKey: Guid(251b8430a88bd89429aa691b2aabe8ca) Importer(815301076,1909f56bfc062723c751e8b465ee728b)
Start importing Assets/Sprites/frog-jumping.png using Guid(251b8430a88bd89429aa691b2aabe8ca) Importer(815301076,1909f56bfc062723c751e8b465ee728b)  -> (artifact id: '14d5ded6079419f0a2509e9aa7e20000') in 0.081610 seconds 
  Import took 0.090010 seconds .

========================================================================
Received Import Request.
  Time since last request: 245.509782 seconds.
  path: Assets/Sprites
  artifactKey: Guid(79bfd260ccb7fbd4bb08b37d309cb6c6) Importer(815301076,1909f56bfc062723c751e8b465ee728b)
Start importing Assets/Sprites using Guid(79bfd260ccb7fbd4bb08b37d309cb6c6) Importer(815301076,1909f56bfc062723c751e8b465ee728b)  -> (artifact id: '86431053237697274d8ea16661bb36a8') in 0.058200 seconds 
  Import took 0.079344 seconds .

========================================================================
Received Import Request.
  Time since last request: 14.168219 seconds.
  path: Assets/Sprites/Road.png
  artifactKey: Guid(287b1b1ddc3868942b22c1df693caeec) Importer(815301076,1909f56bfc062723c751e8b465ee728b)
Start importing Assets/Sprites/Road.png using Guid(287b1b1ddc3868942b22c1df693caeec) Importer(815301076,1909f56bfc062723c751e8b465ee728b)  -> (artifact id: 'c82b0c7f6aee6e15bb9d538deafa02e3') in 0.156994 seconds 
  Import took 0.174360 seconds .

========================================================================
Received Import Request.
  Time since last request: 95.695163 seconds.
  path: Assets/Sprites/divider.png
  artifactKey: Guid(dbbaa1fbca2f1e1428e35892b407fc63) Importer(815301076,1909f56bfc062723c751e8b465ee728b)
Start importing Assets/Sprites/divider.png using Guid(dbbaa1fbca2f1e1428e35892b407fc63) Importer(815301076,1909f56bfc062723c751e8b465ee728b)  -> (artifact id: '7e851cf28fb75521923928eec57acaeb') in 0.109741 seconds 
  Import took 0.141495 seconds .

